# JRE version: OpenJDK Runtime Environment (17.0.20+8) (build 17.0.20+8-1-deb12u1-Debian)
# Java VM: OpenJDK 64-Bit Server VM (17.0.20+8-1-deb12u1-Debian, mixed mode, sharing, tiered, compressed oops, compressed class ptrs, g1 gc, linux-amd64)
GC Precious Log:
 CPUs: 2 total, 2 available
 Memory: 2048M
 Large Page Support: Disabled
 NUMA Support: Disabled
 Compressed Oops: Enabled (32-bit)
 Heap Region Size: 1M
 Heap Min Capacity: 8M
 Heap Initial Capacity: 32M
 Heap Max Capacity: 512M
 Pre-touch: Disabled
 Parallel Workers: 2
 Concurrent Workers: 1
 Concurrent Refinement Workers: 2
 Periodic GC: Disabled
Heap:
 garbage-first heap   total 77824K, used 57748K [0x00000000e0000000, 0x0000000100000000)
  region size 1024K, 13 young (13312K), 3 survivors (3072K)
 Metaspace       used 41467K, committed 41728K, reserved 1114112K
  class space    used 4946K, committed 5056K, reserved 1048576K
GC Heap History (20 events):
Event: 1.533 GC heap before
{Heap before GC invocations=5 (full 0):
 garbage-first heap   total 41984K, used 29725K [0x00000000e0000000, 0x0000000100000000)
  region size 1024K, 24 young (24576K), 3 survivors (3072K)
 Metaspace       used 17930K, committed 18112K, reserved 1114112K
  class space    used 2050K, committed 2112K, reserved 1048576K
}
Event: 1.541 GC heap after
{Heap after GC invocations=6 (full 0):
 garbage-first heap   total 41984K, used 15457K [0x00000000e0000000, 0x0000000100000000)
  region size 1024K, 3 young (3072K), 3 survivors (3072K)
 Metaspace       used 17930K, committed 18112K, reserved 1114112K
  class space    used 2050K, committed 2112K, reserved 1048576K
}
Event: 1.744 GC heap before
{Heap before GC invocations=6 (full 0):
 garbage-first heap   total 41984K, used 25697K [0x00000000e0000000, 0x0000000100000000)
  region size 1024K, 13 young (13312K), 3 survivors (3072K)
 Metaspace       used 19356K, committed 19520K, reserved 1114112K
  class space    used 2242K, committed 2304K, reserved 1048576K
}
Event: 1.796 GC heap after
{Heap after GC invocations=7 (full 0):
 garbage-first heap   total 41984K, used 18822K [0x00000000e0000000, 0x0000000100000000)
  region size 1024K, 2 young (2048K), 2 survivors (2048K)
 Metaspace       used 19356K, committed 19520K, reserved 1114112K
  class space    used 2242K, committed 2304K, reserved 1048576K
}
Event: 1.900 GC heap before
{Heap before GC invocations=7 (full 0):
 garbage-first heap   total 41984K, used 27014K [0x00000000e0000000, 0x0000000100000000)
  region size 1024K, 10 young (10240K), 2 survivors (2048K)
 Metaspace       used 19529K, committed 19776K, reserved 1114112K
  class space    used 2244K, committed 2304K, reserved 1048576K
}
Event: 1.907 GC heap after
{Heap after GC invocations=8 (full 0):
 garbage-first heap   total 41984K, used 21428K [0x00000000e0000000, 0x0000000100000000)
  region size 1024K, 2 young (2048K), 2 survivors (2048K)
 Metaspace       used 19529K, committed 19776K, reserved 1114112K
  class space    used 2244K, committed 2304K, reserved 1048576K
}
Event: 2.066 GC heap before
{Heap before GC invocations=8 (full 0):
 garbage-first heap   total 41984K, used 27572K [0x00000000e0000000, 0x0000000100000000)
  region size 1024K, 10 young (10240K), 2 survivors (2048K)
 Metaspace       used 21347K, committed 21504K, reserved 1114112K
  class space    used 2437K, committed 2496K, reserved 1048576K
}
Event: 2.069 GC heap after
{Heap after GC invocations=9 (full 0):
 garbage-first heap   total 77824K, used 22006K [0x00000000e0000000, 0x0000000100000000)
  region size 1024K, 1 young (1024K), 1 survivors (1024K)
 Metaspace       used 21347K, committed 21504K, reserved 1114112K
  class space    used 2437K, committed 2496K, reserved 1048576K
}
Event: 2.816 GC heap before
{Heap before GC invocations=10 (full 0):
 garbage-first heap   total 77824K, used 46582K [0x00000000e0000000, 0x0000000100000000)
  region size 1024K, 26 young (26624K), 1 survivors (1024K)
 Metaspace       used 27572K, committed 27840K, reserved 1114112K
  class space    used 3624K, committed 3712K, reserved 1048576K
}
Event: 2.825 GC heap after
{Heap after GC invocations=11 (full 0):
 garbage-first heap   total 77824K, used 23764K [0x00000000e0000000, 0x0000000100000000)
  region size 1024K, 3 young (3072K), 3 survivors (3072K)
 Metaspace       used 27572K, committed 27840K, reserved 1114112K
  class space    used 3624K, committed 3712K, reserved 1048576K
}
Event: 4.117 GC heap before
{Heap before GC invocations=12 (full 0):
 garbage-first heap   total 77824K, used 52436K [0x00000000e0000000, 0x0000000100000000)
  region size 1024K, 31 young (31744K), 3 survivors (3072K)
 Metaspace       used 33695K, committed 33984K, reserved 1114112K
  class space    used 4220K, committed 4352K, reserved 1048576K
}
Event: 4.131 GC heap after
{Heap after GC invocations=13 (full 0):
 garbage-first heap   total 77824K, used 26901K [0x00000000e0000000, 0x0000000100000000)
  region size 1024K, 4 young (4096K), 4 survivors (4096K)
 Metaspace       used 33695K, committed 33984K, reserved 1114112K
  class space    used 4220K, committed 4352K, reserved 1048576K
}
Event: 5.303 GC heap before
{Heap before GC invocations=13 (full 0):
 garbage-first heap   total 77824K, used 54549K [0x00000000e0000000, 0x0000000100000000)
  region size 1024K, 31 young (31744K), 4 survivors (4096K)
 Metaspace       used 37108K, committed 37376K, reserved 1114112K
  class space    used 4539K, committed 4672K, reserved 1048576K
}
Event: 5.323 GC heap after
{Heap after GC invocations=14 (full 0):
 garbage-first heap   total 77824K, used 32091K [0x00000000e0000000, 0x0000000100000000)
  region size 1024K, 4 young (4096K), 4 survivors (4096K)
 Metaspace       used 37108K, committed 37376K, reserved 1114112K
  class space    used 4539K, committed 4672K, reserved 1048576K
}
Event: 6.223 GC heap before
{Heap before GC invocations=14 (full 0):
 garbage-first heap   total 77824K, used 54619K [0x00000000e0000000, 0x0000000100000000)
  region size 1024K, 26 young (26624K), 4 survivors (4096K)
 Metaspace       used 39208K, committed 39424K, reserved 1114112K
  class space    used 4746K, committed 4864K, reserved 1048576K
}
Event: 6.238 GC heap after
{Heap after GC invocations=15 (full 0):
 garbage-first heap   total 77824K, used 37812K [0x00000000e0000000, 0x0000000100000000)
  region size 1024K, 4 young (4096K), 4 survivors (4096K)
 Metaspace       used 39208K, committed 39424K, reserved 1114112K
  class space    used 4746K, committed 4864K, reserved 1048576K
}
Event: 9.334 GC heap before
{Heap before GC invocations=15 (full 0):
 garbage-first heap   total 77824K, used 56244K [0x00000000e0000000, 0x0000000100000000)
  region size 1024K, 22 young (22528K), 4 survivors (4096K)
 Metaspace       used 40859K, committed 41152K, reserved 1114112K
  class space    used 4894K, committed 5056K, reserved 1048576K
}
Event: 9.415 GC heap after
{Heap after GC invocations=16 (full 0):
 garbage-first heap   total 77824K, used 42388K [0x00000000e0000000, 0x0000000100000000)
  region size 1024K, 3 young (3072K), 3 survivors (3072K)
 Metaspace       used 40859K, committed 41152K, reserved 1114112K
  class space    used 4894K, committed 5056K, reserved 1048576K
}
Event: 14.422 GC heap before
{Heap before GC invocations=16 (full 0):
 garbage-first heap   total 77824K, used 55700K [0x00000000e0000000, 0x0000000100000000)
  region size 1024K, 17 young (17408K), 3 survivors (3072K)
 Metaspace       used 41457K, committed 41728K, reserved 1114112K
  class space    used 4946K, committed 5056K, reserved 1048576K
}
Event: 14.497 GC heap after
{Heap after GC invocations=17 (full 0):
 garbage-first heap   total 77824K, used 47508K [0x00000000e0000000, 0x0000000100000000)
  region size 1024K, 3 young (3072K), 3 survivors (3072K)
 Metaspace       used 41457K, committed 41728K, reserved 1114112K
  class space    used 4946K, committed 5056K, reserved 1048576K
}

